<?xml version="1.0" encoding="UTF-8"?>
<!-- Generated by org.testng.reporters.JUnitXMLReporter -->
<testsuite ignored="8" hostname="FVFHXG3KQ6LR" failures="0" tests="5" name="Test" time="54.432" errors="0" timestamp="2023-06-04T11:55:56 IST">
  <testcase classname="com.wipro.testCases.TC01" name="testRegistrationFunctionality" time="8.66"/>
  <testcase classname="com.wipro.testCases.TC02" name="testLoginFunctionality" time="4.614"/>
  <testcase classname="com.wipro.testCases.TC02" name="addNewAddressFunctionality" time="5.01"/>
  <testcase classname="com.wipro.testCases.TC03" name="checkoutProductFunctionality" time="15.104"/>
  <testcase classname="io.cucumber.testng.AbstractTestNGCucumberTests" name="runScenario" time="19.536"/>
  <testcase classname="com.wipro.testCases.BaseClass" name="@AfterSuite tearDown" time="0.0">
    <ignored/>
  </testcase> <!-- @AfterSuite tearDown -->
  <testcase classname="com.wipro.testCases.BaseClass" name="@BeforeSuite setUp" time="0.0">
    <ignored/>
  </testcase> <!-- @BeforeSuite setUp -->
  <testcase classname="com.wipro.testCases.BaseClass" name="@BeforeTest setUpExtentReport" time="0.0">
    <ignored/>
  </testcase> <!-- @BeforeTest setUpExtentReport -->
  <testcase classname="com.wipro.testCases.BaseClass" name="@AfterTest endReport" time="0.0">
    <ignored/>
  </testcase> <!-- @AfterTest endReport -->
  <testcase classname="com.wipro.testCases.BaseClass" name="@AfterSuite tearDown" time="0.0">
    <ignored/>
  </testcase> <!-- @AfterSuite tearDown -->
  <testcase classname="com.wipro.testCases.BaseClass" name="@BeforeSuite setUp" time="0.0">
    <ignored/>
  </testcase> <!-- @BeforeSuite setUp -->
  <testcase classname="com.wipro.testCases.BaseClass" name="@BeforeTest setUpExtentReport" time="0.0">
    <ignored/>
  </testcase> <!-- @BeforeTest setUpExtentReport -->
  <testcase classname="com.wipro.testCases.BaseClass" name="@AfterTest endReport" time="0.0">
    <ignored/>
  </testcase> <!-- @AfterTest endReport -->
</testsuite> <!-- Test -->
